\BOOKMARK [0][-]{chapter.1}{\376\377\000M\000e\000c\000c\000a\000n\000i\000c\000a\000\040\000c\000l\000a\000s\000s\000i\000c\000a}{}% 1
\BOOKMARK [1][-]{section.1.1}{\376\377\000C\000e\000n\000n\000i\000\040\000d\000i\000\040\000m\000e\000c\000c\000a\000n\000i\000c\000a\000\040\000c\000l\000a\000s\000s\000i\000c\000a}{chapter.1}% 2
\BOOKMARK [1][-]{section.1.2}{\376\377\000M\000e\000c\000c\000a\000n\000i\000c\000a\000\040\000n\000e\000w\000t\000o\000n\000i\000a\000n\000a}{chapter.1}% 3
\BOOKMARK [1][-]{section.1.3}{\376\377\000M\000e\000c\000c\000a\000n\000i\000c\000a\000\040\000l\000a\000g\000r\000a\000n\000g\000i\000a\000n\000a}{chapter.1}% 4
\BOOKMARK [2][-]{subsection.1.3.1}{\376\377\000L\000e\000m\000m\000a\000\040\0001\000:\000\040\000P\000r\000i\000n\000c\000i\000p\000i\000o\000\040\000d\000i\000\040\000A\000z\000i\000o\000n\000e\000\040\000S\000t\000a\000z\000i\000o\000n\000a\000r\000i\000a\000\040\000d\000i\000\040\000H\000a\000m\000i\000l\000t\000o\000n}{section.1.3}% 5
\BOOKMARK [2][-]{subsection.1.3.2}{\376\377\000L\000e\000m\000m\000a\000\040\0002\000:\000\040\000e\000q\000u\000a\000z\000i\000o\000n\000e\000\040\000d\000i\000\040\000E\000u\000l\000e\000r\000o\000-\000L\000a\000g\000r\000a\000n\000g\000e}{section.1.3}% 6
\BOOKMARK [2][-]{subsection.1.3.3}{\376\377\000L\000e\000m\000m\000a\000\040\0003\000:\000\040\000e\000n\000e\000r\000g\000i\000a\000\040\000c\000i\000n\000e\000t\000i\000c\000a\000\040\000i\000n\000\040\000g\000e\000n\000e\000r\000a\000l\000i\000z\000z\000a\000t\000e}{section.1.3}% 7
\BOOKMARK [2][-]{subsection.1.3.4}{\376\377\000L\000e\000m\000m\000a\000\040\0004\000:\000\040\000e\000n\000e\000r\000g\000i\000a\000\040\000p\000o\000t\000e\000n\000z\000i\000a\000l\000e\000\040\000i\000n\000\040\000c\000o\000o\000r\000d\000i\000n\000a\000t\000e\000\040\000g\000e\000n\000e\000r\000a\000l\000i\000z\000z\000a\000t\000e}{section.1.3}% 8
\BOOKMARK [2][-]{subsection.1.3.5}{\376\377\000L\000e\000m\000m\000a\000\040\0005\000:\000\040\000f\000o\000r\000m\000a\000\040\000d\000e\000l\000l\000a\000\040\000l\000a\000g\000r\000a\000n\000g\000i\000a\000n\000a}{section.1.3}% 9
\BOOKMARK [2][-]{subsection.1.3.6}{\376\377\000L\000e\000m\000m\000a\000\040\0006\000:\000\040\000l\000e\000g\000a\000m\000e\000\040\000t\000r\000a\000\040\000l\000a\000g\000r\000a\000n\000g\000i\000a\000n\000a\000\040\000e\000d\000\040\000e\000q\000u\000a\000z\000i\000o\000n\000i\000\040\000d\000i\000\040\000N\000e\000w\000t\000o\000n}{section.1.3}% 10
\BOOKMARK [2][-]{subsection.1.3.7}{\376\377\000P\000r\000i\000n\000c\000i\000p\000i\000o\000\040\000d\000i\000\040\000c\000o\000n\000s\000e\000r\000v\000a\000z\000i\000o\000n\000e}{section.1.3}% 11
\BOOKMARK [2][-]{subsection.1.3.8}{\376\377\000L\000e\000m\000m\000a\000\040\0007\000:\000\040\000c\000o\000n\000s\000e\000r\000v\000a\000z\000i\000o\000n\000e\000\040\000d\000e\000l\000l\000'\000e\000n\000e\000r\000g\000i\000a}{section.1.3}% 12
\BOOKMARK [2][-]{subsection.1.3.9}{\376\377\000L\000e\000m\000m\000a\000\040\0008\000:\000\040\000c\000o\000n\000s\000e\000r\000v\000a\000z\000i\000o\000n\000e\000\040\000d\000e\000l\000l\000a\000\040\000q\000u\000a\000n\000t\000i\000t\000\340\000\040\000d\000i\000\040\000m\000o\000t\000o}{section.1.3}% 13
\BOOKMARK [2][-]{subsection.1.3.10}{\376\377\000L\000e\000m\000m\000a\000\040\0009\000:\000\040\000c\000o\000n\000s\000e\000r\000v\000a\000z\000i\000o\000n\000e\000\040\000d\000e\000l\000\040\000m\000o\000m\000e\000n\000t\000o\000\040\000a\000n\000g\000o\000l\000a\000r\000e}{section.1.3}% 14
\BOOKMARK [2][-]{subsection.1.3.11}{\376\377\000L\000a\000g\000r\000a\000n\000g\000i\000a\000n\000a\000\040\000p\000e\000r\000\040\000p\000e\000n\000d\000o\000l\000o}{section.1.3}% 15
\BOOKMARK [2][-]{subsection.1.3.12}{\376\377\000L\000a\000g\000r\000a\000n\000g\000i\000a\000n\000a\000\040\000p\000e\000r\000\040\000i\000l\000\040\000d\000o\000p\000p\000i\000o\000\040\000p\000e\000n\000d\000o\000l\000o}{section.1.3}% 16
\BOOKMARK [1][-]{section.1.4}{\376\377\000D\000e\000s\000c\000r\000i\000z\000i\000o\000n\000e\000\040\000h\000a\000m\000i\000l\000t\000o\000n\000i\000a\000n\000a}{chapter.1}% 17
\BOOKMARK [2][-]{subsection.1.4.1}{\376\377\000L\000e\000m\000m\000a\000\040\0009\000:\000\040\000e\000q\000u\000a\000z\000i\000o\000n\000e\000\040\000d\000i\000\040\000H\000a\000m\000i\000l\000t\000o\000n}{section.1.4}% 18
\BOOKMARK [2][-]{subsection.1.4.2}{\376\377\000P\000a\000r\000e\000n\000t\000e\000s\000i\000\040\000d\000i\000\040\000P\000o\000i\000s\000s\000o\000n}{section.1.4}% 19
\BOOKMARK [2][-]{subsection.1.4.3}{\376\377\000H\000a\000m\000i\000l\000t\000o\000n\000i\000a\000n\000a\000\040\000p\000e\000r\000\040\000s\000i\000s\000t\000e\000m\000a\000\040\000c\000o\000n\000\040\000u\000n\000\040\000g\000r\000a\000d\000o\000\040\000d\000i\000\040\000l\000i\000b\000e\000r\000t\000\340}{section.1.4}% 20
\BOOKMARK [1][-]{section.1.5}{\376\377\000M\000e\000t\000o\000d\000o\000\040\000d\000i\000\040\000E\000u\000l\000e\000r\000o\000-\000C\000a\000u\000c\000h\000y}{chapter.1}% 21
\BOOKMARK [2][-]{subsection.1.5.1}{\376\377\000R\000i\000s\000o\000l\000u\000z\000i\000o\000n\000e\000\040\000s\000i\000s\000t\000e\000m\000a\000\040\000c\000o\000n\000\040\000M\000a\000t\000L\000a\000b}{section.1.5}% 22
\BOOKMARK [0][-]{chapter.2}{\376\377\000M\000e\000c\000c\000a\000n\000i\000c\000a\000\040\000r\000e\000l\000a\000t\000i\000v\000i\000s\000t\000i\000c\000a}{}% 23
\BOOKMARK [1][-]{section.2.1}{\376\377\000D\000i\000s\000c\000o\000r\000d\000a\000n\000z\000a\000\040\000t\000r\000a\000\040\000m\000e\000c\000c\000a\000n\000i\000c\000a\000\040\000e\000d\000\040\000e\000l\000e\000t\000t\000r\000o\000m\000a\000g\000n\000e\000t\000i\000s\000m\000o}{chapter.2}% 24
\BOOKMARK [2][-]{subsection.2.1.1}{\376\377\000T\000r\000a\000s\000f\000o\000r\000m\000a\000z\000i\000o\000n\000i\000\040\000g\000a\000l\000i\000l\000e\000i\000a\000n\000e}{section.2.1}% 25
\BOOKMARK [1][-]{section.2.2}{\376\377\000R\000e\000l\000a\000t\000i\000v\000i\000t\000\340\000\040\000r\000i\000s\000t\000r\000e\000t\000t\000a}{chapter.2}% 26
\BOOKMARK [2][-]{subsection.2.2.1}{\376\377\000C\000o\000m\000p\000o\000s\000i\000z\000i\000o\000n\000e\000\040\000d\000e\000l\000l\000e\000\040\000v\000e\000l\000o\000c\000i\000t\000\340}{section.2.2}% 27
\BOOKMARK [2][-]{subsection.2.2.2}{\376\377\000F\000a\000t\000t\000o\000r\000e\000\040\000d\000i\000\040\000L\000o\000r\000e\000n\000t\000z}{section.2.2}% 28
\BOOKMARK [2][-]{subsection.2.2.3}{\376\377\000D\000i\000l\000a\000t\000a\000z\000i\000o\000n\000e\000\040\000d\000e\000i\000\040\000t\000e\000m\000p\000i}{section.2.2}% 29
\BOOKMARK [2][-]{subsection.2.2.4}{\376\377\000C\000o\000n\000t\000r\000a\000z\000i\000o\000n\000e\000\040\000d\000e\000l\000l\000e\000\040\000l\000u\000n\000g\000h\000e\000z\000z\000e}{section.2.2}% 30
\BOOKMARK [2][-]{subsection.2.2.5}{\376\377\000E\000n\000e\000r\000g\000i\000a\000\040\000e\000\040\000q\000u\000a\000n\000t\000i\000t\000\340\000\040\000d\000i\000\040\000m\000o\000t\000o\000\040\000r\000e\000l\000a\000t\000i\000v\000i\000s\000t\000i\000c\000h\000e}{section.2.2}% 31
\BOOKMARK [1][-]{section.2.3}{\376\377\000Q\000u\000a\000d\000r\000i\000v\000e\000t\000t\000o\000r\000i}{chapter.2}% 32
\BOOKMARK [2][-]{subsection.2.3.1}{\376\377\000L\000e\000g\000g\000e\000\040\000d\000i\000\040\000t\000r\000a\000s\000f\000o\000r\000m\000a\000z\000i\000o\000n\000e\000\040\000d\000e\000i\000\040\000q\000u\000a\000d\000r\000i\000v\000e\000t\000t\000o\000r\000i}{section.2.3}% 33
\BOOKMARK [1][-]{section.2.4}{\376\377\000U\000r\000t\000o\000\040\000a\000n\000e\000l\000a\000s\000t\000i\000c\000o}{chapter.2}% 34
\BOOKMARK [1][-]{section.2.5}{\376\377\000C\000o\000n\000s\000e\000r\000v\000a\000z\000i\000o\000n\000e\000\040\000d\000e\000l\000l\000'\000e\000n\000e\000r\000g\000i\000a}{chapter.2}% 35
\BOOKMARK [1][-]{section.2.6}{\376\377\000E\000s\000e\000m\000p\000i\000o\000\040\000c\000a\000r\000i\000c\000a\000\040\000i\000n\000\040\000m\000o\000t\000o\000\040\000i\000n\000\040\000c\000a\000m\000p\000o\000\040\000e\000l\000e\000t\000t\000r\000i\000c\000o}{chapter.2}% 36
\BOOKMARK [0][-]{chapter.3}{\376\377\000E\000l\000e\000t\000t\000r\000o\000m\000a\000g\000n\000e\000t\000i\000s\000m\000o}{}% 37
\BOOKMARK [1][-]{section.3.1}{\376\377\000C\000e\000n\000n\000i\000\040\000d\000i\000\040\000e\000l\000e\000t\000t\000r\000o\000m\000a\000g\000n\000e\000t\000i\000s\000m\000o}{chapter.3}% 38
\BOOKMARK [1][-]{section.3.2}{\376\377\000E\000q\000u\000a\000z\000i\000o\000n\000i\000\040\000d\000i\000\040\000M\000a\000x\000w\000e\000l\000l\000\040\000n\000e\000l\000\040\000v\000u\000o\000t\000o\000\040\000i\000n\000\040\000f\000o\000r\000m\000a\000\040\000l\000o\000c\000a\000l\000e}{chapter.3}% 39
\BOOKMARK [2][-]{subsection.3.2.1}{\376\377\000E\000q\000u\000a\000z\000i\000o\000n\000e\000\040\000d\000i\000\040\000c\000o\000n\000t\000i\000n\000u\000i\000t\000\340\000\040\000d\000e\000l\000l\000a\000\040\000c\000a\000r\000i\000c\000a}{section.3.2}% 40
\BOOKMARK [2][-]{subsection.3.2.2}{\376\377\000R\000i\000s\000o\000l\000u\000z\000i\000o\000n\000e\000\040\000d\000e\000l\000l\000e\000\040\000e\000q\000u\000a\000z\000i\000o\000n\000i\000\040\000d\000i\000\040\000M\000a\000x\000w\000e\000l\000l\000\040\000o\000m\000o\000g\000e\000n\000e\000e}{section.3.2}% 41
\BOOKMARK [2][-]{subsection.3.2.3}{\376\377\000R\000i\000s\000o\000l\000u\000z\000i\000o\000n\000e\000\040\000d\000e\000l\000l\000e\000\040\000e\000q\000u\000a\000z\000i\000o\000n\000i\000\040\000d\000i\000\040\000M\000a\000x\000w\000e\000l\000l\000\040\000i\000n\000\040\000p\000r\000e\000s\000e\000n\000z\000a\000\040\000d\000i\000\040\000s\000o\000r\000g\000e\000n\000t\000i}{section.3.2}% 42
\BOOKMARK [2][-]{subsection.3.2.4}{\376\377\000E\000q\000u\000a\000z\000i\000o\000n\000i\000\040\000d\000i\000\040\000M\000a\000x\000w\000e\000l\000l\000\040\000n\000e\000l\000\040\000v\000u\000o\000t\000o\000\040\000i\000n\000\040\000f\000o\000r\000m\000a\000\040\000g\000l\000o\000b\000a\000l\000e}{section.3.2}% 43
\BOOKMARK [1][-]{section.3.3}{\376\377\000E\000q\000u\000a\000z\000i\000o\000n\000i\000\040\000d\000i\000\040\000M\000a\000x\000w\000e\000l\000l\000\040\000n\000e\000l\000\040\000m\000e\000z\000z\000o}{chapter.3}% 44
\BOOKMARK [1][-]{section.3.4}{\376\377\000F\000o\000r\000z\000a\000\040\000d\000i\000\040\000L\000o\000r\000e\000n\000t\000z}{chapter.3}% 45
\BOOKMARK [1][-]{section.3.5}{\376\377\000P\000a\000r\000a\000l\000l\000e\000l\000i\000s\000m\000o\000\040\000t\000r\000a\000\040\000c\000a\000m\000p\000o\000\040\000e\000l\000e\000t\000t\000r\000i\000c\000o\000\040\000e\000\040\000m\000a\000g\000n\000e\000t\000i\000c\000o}{chapter.3}% 46
\BOOKMARK [1][-]{section.3.6}{\376\377\000F\000o\000r\000z\000a\000\040\000e\000\040\000c\000o\000p\000p\000i\000a\000\040\000s\000u\000\040\000u\000n\000a\000\040\000p\000i\000c\000c\000o\000l\000a\000\040\000s\000p\000i\000r\000a}{chapter.3}% 47
\BOOKMARK [2][-]{subsection.3.6.1}{\376\377\000M\000o\000m\000e\000n\000t\000o\000\040\000m\000a\000g\000n\000e\000t\000i\000c\000o\000\040\000d\000i\000\040\000u\000n\000\040\000a\000n\000e\000l\000l\000o\000\040\000r\000o\000t\000a\000n\000t\000e}{section.3.6}% 48
\BOOKMARK [2][-]{subsection.3.6.2}{\376\377\000M\000o\000m\000e\000n\000t\000o\000\040\000m\000a\000g\000n\000e\000t\000i\000c\000o\000\040\000p\000e\000r\000\040\000u\000n\000\040\000g\000u\000s\000c\000i\000o\000\040\000s\000f\000e\000r\000i\000c\000o}{section.3.6}% 49
\BOOKMARK [2][-]{subsection.3.6.3}{\376\377\000M\000o\000m\000e\000n\000t\000o\000\040\000m\000a\000g\000n\000e\000t\000i\000c\000o\000\040\000p\000e\000r\000\040\000u\000n\000a\000\040\000s\000f\000e\000r\000a}{section.3.6}% 50
\BOOKMARK [1][-]{section.3.7}{\376\377\000F\000o\000r\000z\000a\000\040\000s\000u\000\040\000p\000i\000c\000c\000o\000l\000a\000\040\000s\000p\000i\000r\000a\000\040\000i\000n\000\040\000u\000n\000\040\000c\000a\000m\000p\000o\000\040\000d\000i\000s\000o\000m\000o\000g\000e\000n\000e\000o}{chapter.3}% 51
\BOOKMARK [2][-]{subsection.3.7.1}{\376\377\000E\000s\000p\000e\000r\000i\000m\000e\000n\000t\000o\000\040\000d\000i\000\040\000S\000t\000e\000r\000n\000-\000G\000e\000r\000l\000a\000c\000h}{section.3.7}% 52
\BOOKMARK [2][-]{subsection.3.7.2}{\376\377\000C\000o\000n\000c\000e\000t\000t\000o\000\040\000d\000i\000\040\000s\000p\000i\000n}{section.3.7}% 53
\BOOKMARK [1][-]{section.3.8}{\376\377\000C\000a\000m\000p\000o\000\040\000m\000a\000g\000n\000e\000t\000i\000c\000o\000\040\000p\000r\000o\000d\000o\000t\000t\000o\000\040\000d\000a\000\040\000u\000n\000\040\000m\000o\000m\000e\000n\000t\000o\000\040\000m\000a\000g\000n\000e\000t\000i\000c\000o}{chapter.3}% 54
\BOOKMARK [1][-]{section.3.9}{\376\377\000M\000o\000t\000o\000\040\000d\000e\000l\000\040\000m\000o\000m\000e\000n\000t\000o\000\040\000m\000a\000g\000n\000e\000t\000i\000c\000o\000\040\000i\000n\000\040\000c\000a\000m\000p\000o\000\040\000m\000a\000g\000n\000e\000t\000i\000c\000o}{chapter.3}% 55
\BOOKMARK [1][-]{section.3.10}{\376\377\000D\000i\000a\000m\000a\000g\000n\000e\000t\000i\000s\000m\000o}{chapter.3}% 56
\BOOKMARK [1][-]{section.3.11}{\376\377\000P\000a\000r\000a\000m\000a\000g\000n\000e\000t\000i\000s\000m\000o}{chapter.3}% 57
\BOOKMARK [0][-]{chapter.4}{\376\377\000M\000e\000c\000c\000a\000n\000i\000c\000a\000\040\000q\000u\000a\000n\000t\000i\000s\000t\000i\000c\000a}{}% 58
\BOOKMARK [1][-]{section.4.1}{\376\377\000I\000n\000c\000o\000n\000g\000r\000u\000e\000n\000z\000e\000\040\000d\000e\000l\000\040\000m\000o\000d\000e\000l\000l\000o\000\040\000f\000i\000s\000i\000c\000o\000\040\000d\000e\000l\000\040\000'\0009\0000\0000}{chapter.4}% 59
\BOOKMARK [2][-]{subsection.4.1.1}{\376\377\000S\000t\000a\000b\000i\000l\000i\000t\000\340\000\040\000d\000e\000l\000l\000'\000a\000t\000o\000m\000o}{section.4.1}% 60
\BOOKMARK [2][-]{subsection.4.1.2}{\376\377\000C\000o\000r\000p\000o\000\040\000n\000e\000r\000o}{section.4.1}% 61
\BOOKMARK [2][-]{subsection.4.1.3}{\376\377\000E\000f\000f\000e\000t\000t\000o\000\040\000f\000o\000t\000o\000e\000l\000e\000t\000t\000r\000i\000c\000o}{section.4.1}% 62
\BOOKMARK [2][-]{subsection.4.1.4}{\376\377\000D\000o\000u\000b\000l\000e\000\040\000s\000l\000i\000t}{section.4.1}% 63
\BOOKMARK [2][-]{subsection.4.1.5}{\376\377\000E\000s\000p\000e\000r\000i\000m\000e\000n\000t\000o\000\040\000d\000i\000\040\000S\000t\000e\000r\000n\000\040\000e\000\040\000G\000e\000r\000l\000a\000c\000h}{section.4.1}% 64
\BOOKMARK [2][-]{subsection.4.1.6}{\376\377\000S\000p\000e\000t\000t\000r\000o\000\040\000d\000i\000\040\000a\000s\000s\000o\000r\000b\000i\000m\000e\000n\000t\000o}{section.4.1}% 65
\BOOKMARK [1][-]{section.4.2}{\376\377\000T\000e\000o\000r\000i\000a\000\040\000d\000e\000l\000l\000a\000\040\000m\000e\000c\000c\000a\000n\000i\000c\000a\000\040\000q\000u\000a\000n\000t\000i\000s\000t\000i\000c\000a}{chapter.4}% 66
\BOOKMARK [2][-]{subsection.4.2.1}{\376\377\000Q\000u\000a\000n\000t\000i\000z\000z\000a\000z\000i\000o\000n\000e\000\040\000d\000e\000l\000l\000a\000\040\000m\000a\000t\000e\000r\000i\000a}{section.4.2}% 67
\BOOKMARK [2][-]{subsection.4.2.2}{\376\377\000D\000u\000a\000l\000i\000s\000m\000o\000\040\000o\000n\000d\000a\000-\000p\000a\000r\000t\000i\000c\000e\000l\000l\000a}{section.4.2}% 68
\BOOKMARK [2][-]{subsection.4.2.3}{\376\377\000F\000u\000n\000z\000i\000o\000n\000e\000\040\000d\000'\000o\000n\000d\000a\000\040\000a\000s\000s\000o\000c\000i\000a\000t\000a\000\040\000a\000l\000l\000a\000\040\000p\000a\000r\000t\000i\000c\000e\000l\000l\000a}{section.4.2}% 69
\BOOKMARK [1][-]{section.4.3}{\376\377\000P\000r\000i\000n\000c\000i\000p\000i\000o\000\040\000d\000i\000\040\000i\000n\000d\000e\000t\000e\000r\000m\000i\000n\000a\000z\000i\000o\000n\000e\000\040\000d\000i\000\040\000H\000e\000i\000s\000e\000n\000b\000e\000r\000g}{chapter.4}% 70
\BOOKMARK [1][-]{section.4.4}{\376\377\000E\000q\000u\000a\000z\000i\000o\000n\000e\000\040\000d\000i\000\040\000S\000c\000h\000r\000\366\000d\000i\000n\000g\000e\000r}{chapter.4}% 71
\BOOKMARK [1][-]{section.4.5}{\376\377\000O\000p\000e\000r\000a\000t\000o\000r\000i\000\040\000i\000n\000\040\000m\000e\000c\000c\000a\000n\000i\000c\000a\000\040\000q\000u\000a\000n\000t\000i\000s\000t\000i\000c\000a}{chapter.4}% 72
\BOOKMARK [1][-]{section.4.6}{\376\377\000E\000q\000u\000a\000z\000i\000o\000n\000e\000\040\000d\000i\000\040\000S\000c\000h\000r\000\366\000d\000i\000n\000g\000e\000r\000\040\000p\000e\000r\000\040\000s\000t\000a\000t\000i\000\040\000s\000t\000a\000z\000i\000o\000n\000a\000r\000i}{chapter.4}% 73
\BOOKMARK [2][-]{subsection.4.6.1}{\376\377\000B\000u\000c\000o\000\040\000d\000i\000\040\000p\000o\000t\000e\000n\000z\000i\000a\000l\000e}{section.4.6}% 74
\BOOKMARK [2][-]{subsection.4.6.2}{\376\377\000G\000r\000a\000d\000i\000n\000o\000\040\000d\000i\000\040\000p\000o\000t\000e\000n\000z\000i\000a\000l\000e}{section.4.6}% 75
\BOOKMARK [2][-]{subsection.4.6.3}{\376\377\000E\000f\000f\000e\000t\000t\000o\000\040\000t\000u\000n\000n\000e\000l}{section.4.6}% 76
\BOOKMARK [1][-]{section.4.7}{\376\377\000M\000e\000c\000c\000a\000n\000i\000c\000a\000\040\000q\000u\000a\000n\000t\000i\000s\000t\000i\000c\000a\000\040\000c\000o\000n\000\040\000n\000o\000t\000a\000z\000i\000o\000n\000e\000\040\000d\000i\000\040\000D\000i\000r\000a\000c}{chapter.4}% 77
\BOOKMARK [2][-]{subsection.4.7.1}{\376\377\000A\000u\000t\000o\000v\000a\000l\000o\000r\000i\000\040\000d\000e\000l\000l\000'\000o\000p\000e\000r\000a\000t\000o\000r\000e\000\040\000h\000a\000m\000i\000l\000t\000o\000n\000i\000a\000n\000o}{section.4.7}% 78
\BOOKMARK [2][-]{subsection.4.7.2}{\376\377\000R\000i\000s\000u\000l\000t\000a\000t\000o\000\040\000d\000e\000l\000l\000'\000o\000p\000e\000r\000a\000t\000o\000r\000e\000\040\000d\000i\000\040\000m\000i\000s\000u\000r\000a}{section.4.7}% 79
\BOOKMARK [2][-]{subsection.4.7.3}{\376\377\000E\000v\000o\000l\000u\000z\000i\000o\000n\000e\000\040\000l\000i\000b\000e\000r\000a\000\040\000d\000e\000g\000l\000i\000\040\000s\000t\000a\000t\000i}{section.4.7}% 80
\BOOKMARK [2][-]{subsection.4.7.4}{\376\377\000N\000o\000t\000a\000z\000i\000o\000n\000e\000\040\000d\000i\000\040\000D\000i\000r\000a\000c\000\040\000p\000e\000r\000\040\000l\000o\000\040\000s\000p\000i\000n}{section.4.7}% 81
\BOOKMARK [2][-]{subsection.4.7.5}{\376\377\000S\000p\000l\000i\000t\000\040\000d\000e\000i\000\040\000l\000i\000v\000e\000l\000l\000i\000\040\000e\000n\000e\000r\000g\000e\000t\000i\000c\000i}{section.4.7}% 82
\BOOKMARK [2][-]{subsection.4.7.6}{\376\377\000E\000n\000e\000r\000g\000i\000a\000\040\000m\000e\000d\000i\000a\000\040\000d\000i\000\040\000u\000n\000\040\000n\000u\000c\000l\000e\000o\000\040\000i\000n\000\040\000b\000a\000s\000e\000\040\000a\000l\000l\000o\000\040\000s\000p\000i\000n}{section.4.7}% 83
\BOOKMARK [2][-]{subsection.4.7.7}{\376\377\000E\000v\000o\000l\000u\000z\000i\000o\000n\000e\000\040\000t\000e\000m\000p\000o\000r\000a\000l\000e\000\040\000d\000e\000l\000l\000o\000\040\000s\000t\000a\000t\000o\000\040\000s\000p\000i\000n\000\040\000u\000p}{section.4.7}% 84
\BOOKMARK [2][-]{subsection.4.7.8}{\376\377\000V\000a\000l\000o\000r\000e\000\040\000m\000e\000d\000i\000o\000\040\000d\000e\000l\000\040\000m\000o\000m\000e\000n\000t\000o\000\040\000m\000a\000g\000n\000e\000t\000i\000c\000o\000\040\000s\000u\000l\000l\000'\000a\000s\000s\000e\000\040\000l\000o\000n\000g\000i\000t\000u\000d\000i\000n\000a\000l\000e}{section.4.7}% 85
\BOOKMARK [2][-]{subsection.4.7.9}{\376\377\000A\000n\000d\000a\000m\000e\000n\000t\000o\000\040\000t\000e\000m\000p\000o\000r\000a\000l\000e\000\040\000d\000e\000l\000l\000o\000\040\000s\000t\000a\000t\000o\000\040\000m\000o\000m\000e\000n\000t\000o\000\040\000m\000a\000g\000n\000e\000t\000i\000c\000o\000\040\000l\000u\000n\000g\000o\000\040\000l\000'\000a\000s\000s\000e\000\040\000t\000r\000a\000s\000v\000e\000r\000s\000a\000l\000e}{section.4.7}% 86
\BOOKMARK [2][-]{subsection.4.7.10}{\376\377\000T\000r\000a\000n\000s\000i\000z\000i\000o\000n\000i\000\040\000d\000i\000\040\000s\000t\000a\000t\000o}{section.4.7}% 87
\BOOKMARK [0][-]{chapter.5}{\376\377\000M\000e\000c\000c\000a\000n\000i\000c\000a\000\040\000s\000t\000a\000t\000i\000s\000t\000i\000c\000a}{}% 88
\BOOKMARK [1][-]{section.5.1}{\376\377\000C\000e\000n\000n\000i\000\040\000d\000i\000\040\000m\000e\000c\000c\000a\000n\000i\000c\000a\000\040\000s\000t\000a\000t\000i\000s\000t\000i\000c\000a}{chapter.5}% 89
\BOOKMARK [1][-]{section.5.2}{\376\377\000P\000o\000s\000s\000i\000b\000i\000l\000i\000\040\000s\000t\000a\000t\000i\000\040\000d\000i\000\040\000u\000n\000\040\000s\000i\000s\000t\000e\000m\000a\000\040\000i\000n\000\040\000b\000a\000s\000e\000\040\000a\000l\000l\000o\000\040\000s\000p\000i\000n}{chapter.5}% 90
\BOOKMARK [1][-]{section.5.3}{\376\377\000A\000p\000p\000r\000o\000s\000s\000i\000m\000a\000z\000i\000o\000n\000e\000\040\000d\000i\000\040\000S\000t\000i\000r\000l\000i\000n\000g}{chapter.5}% 91
\BOOKMARK [2][-]{subsection.5.3.1}{\376\377\000P\000r\000o\000b\000a\000b\000i\000l\000i\000t\000\340\000\040\000c\000o\000n\000\040\000a\000p\000p\000r\000o\000s\000s\000i\000m\000a\000z\000i\000o\000n\000e\000\040\000d\000i\000\040\000S\000t\000i\000r\000l\000i\000n\000g}{section.5.3}% 92
\BOOKMARK [1][-]{section.5.4}{\376\377\000S\000t\000a\000t\000i\000\040\000a\000m\000m\000i\000s\000s\000i\000b\000i\000l\000i}{chapter.5}% 93
\BOOKMARK [1][-]{section.5.5}{\376\377\000E\000n\000t\000r\000o\000p\000i\000a}{chapter.5}% 94
\BOOKMARK [1][-]{section.5.6}{\376\377\000D\000i\000s\000t\000r\000i\000b\000u\000z\000i\000o\000n\000e\000\040\000d\000i\000\040\000B\000o\000l\000t\000z\000m\000a\000n\000n}{chapter.5}% 95
\BOOKMARK [2][-]{subsection.5.6.1}{\376\377\000M\000a\000g\000n\000e\000t\000i\000z\000z\000a\000z\000i\000o\000n\000e\000\040\000m\000a\000c\000r\000o\000s\000c\000o\000p\000i\000c\000a}{section.5.6}% 96
\BOOKMARK [2][-]{subsection.5.6.2}{\376\377\000L\000e\000g\000g\000e\000\040\000d\000i\000\040\000P\000l\000a\000n\000c\000k}{section.5.6}% 97
\BOOKMARK [2][-]{subsection.5.6.3}{\376\377\000R\000u\000m\000o\000r\000e\000\040\000t\000e\000r\000m\000i\000c\000o\000\040\000o\000\040\000d\000i\000\040\000J\000o\000h\000n\000s\000o\000n\000-\000N\000y\000q\000u\000i\000s\000t}{section.5.6}% 98
\BOOKMARK [1][-]{section.5.7}{\376\377\000D\000i\000s\000t\000r\000i\000b\000u\000z\000i\000o\000n\000e\000\040\000d\000i\000\040\000G\000i\000b\000b\000s}{chapter.5}% 99
\BOOKMARK [2][-]{subsection.5.7.1}{\376\377\000D\000i\000s\000t\000r\000i\000b\000u\000z\000i\000o\000n\000e\000\040\000d\000i\000\040\000F\000e\000r\000m\000i\000-\000D\000i\000r\000a\000c}{section.5.7}% 100
\BOOKMARK [2][-]{subsection.5.7.2}{\376\377\000D\000i\000s\000t\000r\000i\000b\000u\000z\000i\000o\000n\000e\000\040\000d\000i\000\040\000B\000o\000s\000e\000-\000E\000i\000n\000s\000t\000e\000i\000n}{section.5.7}% 101
\BOOKMARK [0][-]{chapter.6}{\376\377\000I\000n\000t\000r\000o\000d\000u\000z\000i\000o\000n\000e\000\040\000a\000l\000l\000a\000\040\000r\000i\000s\000o\000n\000a\000n\000z\000a\000\040\000m\000a\000g\000n\000e\000t\000i\000c\000a}{}% 102
\BOOKMARK [1][-]{section.6.1}{\376\377\000D\000i\000v\000e\000r\000s\000e\000\040\000m\000e\000t\000o\000d\000i\000c\000h\000e\000\040\000d\000i\000\040\000i\000m\000a\000g\000i\000n\000g}{chapter.6}% 103
\BOOKMARK [1][-]{section.6.2}{\376\377\000S\000t\000o\000r\000i\000a\000\040\000d\000e\000l\000l\000a\000\040\000r\000i\000s\000o\000n\000a\000n\000z\000a\000\040\000m\000a\000g\000n\000e\000t\000i\000c\000a}{chapter.6}% 104
\BOOKMARK [1][-]{section.6.3}{\376\377\000I\000n\000t\000r\000o\000d\000u\000z\000i\000o\000n\000e\000\040\000a\000l\000\040\000p\000r\000i\000n\000c\000i\000p\000i\000o\000\040\000d\000i\000\040\000r\000i\000s\000o\000n\000a\000n\000z\000a\000\040\000m\000a\000g\000n\000e\000t\000i\000c\000a}{chapter.6}% 105
\BOOKMARK [1][-]{section.6.4}{\376\377\000R\000i\000s\000o\000n\000a\000n\000z\000a\000\040\000m\000a\000g\000n\000e\000t\000i\000c\000a\000\040\000c\000o\000m\000e\000\040\000t\000e\000c\000n\000i\000c\000a\000\040\000s\000p\000e\000t\000t\000r\000o\000s\000c\000o\000p\000i\000c\000a}{chapter.6}% 106
\BOOKMARK [1][-]{section.6.5}{\376\377\000M\000o\000m\000e\000n\000t\000o\000\040\000d\000i\000\040\000p\000r\000e\000c\000e\000s\000s\000i\000o\000n\000e}{chapter.6}% 107
\BOOKMARK [2][-]{subsection.6.5.1}{\376\377\000R\000a\000p\000p\000r\000e\000s\000e\000n\000t\000a\000z\000i\000o\000n\000e\000\040\000c\000o\000m\000p\000l\000e\000s\000s\000a}{section.6.5}% 108
\BOOKMARK [1][-]{section.6.6}{\376\377\000S\000i\000s\000t\000e\000m\000a\000\040\000d\000i\000\040\000r\000i\000f\000e\000r\000i\000m\000e\000n\000t\000o\000\040\000r\000o\000t\000a\000n\000t\000e\000\040\000c\000o\000n\000\040\000v\000e\000l\000o\000c\000i\000t\000\340\000\040\000a\000n\000g\000o\000l\000a\000r\000e\000\040\000o\000m\000e\000g\000a}{chapter.6}% 109
\BOOKMARK [2][-]{subsection.6.6.1}{\376\377\000R\000o\000t\000a\000z\000i\000o\000n\000e\000\040\000d\000e\000l\000\040\000s\000i\000s\000t\000e\000m\000a\000\040\000d\000i\000\040\000r\000i\000f\000e\000r\000i\000m\000e\000n\000t\000o\000\040\000p\000e\000r\000\040\000u\000n\000\040\000c\000a\000m\000p\000o\000\040\000a\000\040\000r\000a\000d\000i\000o\000f\000r\000e\000q\000u\000e\000n\000z\000a}{section.6.6}% 110
\BOOKMARK [2][-]{subsection.6.6.2}{\376\377\000C\000o\000n\000d\000i\000z\000i\000o\000n\000e\000\040\000d\000i\000\040\000r\000i\000s\000o\000n\000a\000n\000z\000a}{section.6.6}% 111
\BOOKMARK [2][-]{subsection.6.6.3}{\376\377\000C\000a\000l\000c\000o\000l\000o\000\040\000d\000e\000l\000\040\000c\000a\000m\000p\000o\000\040\000m\000a\000g\000n\000e\000t\000i\000c\000o\000\040\000a\000\040\000r\000a\000d\000i\000o\000f\000r\000e\000q\000u\000e\000n\000z\000a}{section.6.6}% 112
\BOOKMARK [1][-]{section.6.7}{\376\377\000V\000e\000t\000t\000o\000r\000e\000\040\000d\000i\000\040\000m\000a\000g\000n\000e\000t\000i\000z\000z\000a\000z\000i\000o\000n\000e}{chapter.6}% 113
\BOOKMARK [2][-]{subsection.6.7.1}{\376\377\000I\000t\000e\000r\000a\000z\000i\000o\000n\000e\000\040\000s\000p\000i\000n\000-\000r\000e\000t\000i\000c\000o\000l\000o}{section.6.7}% 114
\BOOKMARK [2][-]{subsection.6.7.2}{\376\377\000I\000t\000e\000r\000a\000z\000i\000o\000n\000i\000\040\000s\000p\000i\000n\000-\000s\000p\000i\000n}{section.6.7}% 115
\BOOKMARK [1][-]{section.6.8}{\376\377\000E\000q\000u\000a\000z\000i\000o\000n\000i\000\040\000d\000i\000\040\000B\000l\000o\000c\000h}{chapter.6}% 116
\BOOKMARK [2][-]{subsection.6.8.1}{\376\377\000R\000i\000s\000o\000l\000u\000z\000i\000o\000n\000e\000\040\000d\000e\000l\000l\000'\000e\000q\000u\000a\000z\000i\000o\000n\000e\000\040\000d\000i\000\040\000B\000l\000o\000c\000h}{section.6.8}% 117
\BOOKMARK [2][-]{subsection.6.8.2}{\376\377\000V\000e\000t\000t\000o\000r\000e\000\040\000m\000a\000g\000n\000e\000t\000i\000z\000z\000a\000z\000i\000o\000n\000e\000\040\000d\000u\000r\000a\000n\000t\000e\000\040\000u\000n\000a\000\040\000p\000e\000r\000t\000u\000r\000b\000a\000z\000i\000o\000n\000e}{section.6.8}% 118
\BOOKMARK [2][-]{subsection.6.8.3}{\376\377\000S\000e\000q\000u\000e\000n\000z\000a\000\040\000F\000I\000D}{section.6.8}% 119
\BOOKMARK [0][-]{chapter.7}{\376\377\000S\000e\000g\000n\000a\000l\000e\000\040\000d\000e\000l\000l\000a\000\040\000r\000i\000s\000o\000n\000a\000n\000z\000a\000\040\000m\000a\000g\000n\000e\000t\000i\000c\000a}{}% 120
\BOOKMARK [1][-]{section.7.1}{\376\377\000S\000e\000g\000n\000a\000l\000e\000\040\000r\000e\000g\000i\000s\000t\000r\000a\000t\000o\000\040\000i\000n\000\040\000R\000M\000I}{chapter.7}% 121
\BOOKMARK [1][-]{section.7.2}{\376\377\000V\000a\000l\000u\000t\000a\000z\000i\000o\000n\000e\000\040\000f\000.\000e\000.\000m\000.\000\040\000i\000n\000d\000o\000t\000t\000a\000\040\000s\000u\000l\000l\000e\000\040\000a\000n\000t\000e\000n\000n\000e\000\040\000r\000i\000c\000e\000v\000e\000n\000t\000i}{chapter.7}% 122
\BOOKMARK [2][-]{subsection.7.2.1}{\376\377\000D\000e\000m\000o\000d\000u\000l\000a\000z\000i\000o\000n\000e\000\040\000d\000e\000l\000\040\000s\000e\000g\000n\000a\000l\000e\000\040\000r\000e\000g\000i\000s\000t\000r\000a\000t\000o}{section.7.2}% 123
\BOOKMARK [1][-]{section.7.3}{\376\377\000A\000c\000q\000u\000i\000s\000i\000z\000i\000o\000n\000e\000\040\000c\000o\000n\000\040\000s\000e\000q\000u\000e\000n\000z\000a\000\040\000F\000r\000e\000e\000\040\000I\000n\000d\000u\000c\000t\000i\000o\000n\000\040\000D\000a\000c\000a\000y}{chapter.7}% 124
\BOOKMARK [1][-]{section.7.4}{\376\377\000S\000e\000q\000u\000e\000n\000z\000a\000\040\000s\000p\000i\000n\000-\000e\000c\000h\000o}{chapter.7}% 125
\BOOKMARK [2][-]{subsection.7.4.1}{\376\377\000M\000u\000l\000t\000i\000p\000l\000e\000\040\000s\000p\000i\000n\000-\000e\000c\000h\000o}{section.7.4}% 126
\BOOKMARK [2][-]{subsection.7.4.2}{\376\377\000A\000p\000p\000l\000i\000c\000a\000z\000i\000o\000n\000e\000\040\000m\000u\000l\000t\000i\000p\000l\000a\000\040\000d\000e\000l\000l\000a\000\040\000s\000e\000q\000u\000e\000n\000z\000a\000\040\000s\000p\000i\000n\000-\000e\000c\000h\000o}{section.7.4}% 127
\BOOKMARK [2][-]{subsection.7.4.3}{\376\377\000A\000p\000p\000l\000i\000c\000a\000z\000i\000o\000n\000e\000\040\000m\000u\000l\000t\000i\000p\000l\000a\000\040\000d\000e\000i\000\040\000g\000r\000a\000d\000i\000e\000n\000t\000i\000\040\000a\000\040\000p\000i}{section.7.4}% 128
\BOOKMARK [2][-]{subsection.7.4.4}{\376\377\000S\000t\000i\000m\000a\000\040\000d\000e\000l\000\040\000t\000e\000m\000p\000o\000\040\000T\0002\000\040\000d\000a\000\040\000n\000\040\000m\000i\000s\000u\000r\000a\000z\000i\000o\000n\000i}{section.7.4}% 129
\BOOKMARK [2][-]{subsection.7.4.5}{\376\377\000I\000n\000v\000e\000r\000s\000i\000o\000n\000\040\000R\000e\000c\000o\000v\000e\000r\000y}{section.7.4}% 130
\BOOKMARK [0][-]{chapter.8}{\376\377\000U\000s\000o\000\040\000d\000e\000i\000\040\000g\000r\000a\000d\000i\000e\000n\000t\000i\000\040\000i\000n\000\040\000M\000R\000I}{}% 131
\BOOKMARK [1][-]{section.8.1}{\376\377\000G\000r\000a\000d\000i\000e\000n\000t\000i\000\040\000d\000i\000\040\000c\000a\000m\000p\000o\000\040\000m\000a\000g\000n\000e\000t\000i\000c\000o}{chapter.8}% 132
\BOOKMARK [2][-]{subsection.8.1.1}{\376\377\000S\000e\000g\000n\000a\000l\000e\000\040\000a\000\040\000v\000a\000l\000l\000e\000\040\000d\000e\000l\000l\000a\000\040\000d\000e\000m\000o\000d\000u\000l\000a\000z\000i\000o\000n\000e\000\040\000c\000o\000m\000p\000l\000e\000s\000s\000a}{section.8.1}% 133
\BOOKMARK [2][-]{subsection.8.1.2}{\376\377\000D\000e\000n\000s\000i\000t\000\340\000\040\000p\000r\000o\000t\000o\000n\000i\000c\000a}{section.8.1}% 134
\BOOKMARK [2][-]{subsection.8.1.3}{\376\377\000A\000p\000p\000l\000i\000c\000a\000z\000i\000o\000n\000e\000\040\000d\000e\000i\000\040\000g\000r\000a\000d\000i\000e\000n\000t\000i}{section.8.1}% 135
\BOOKMARK [2][-]{subsection.8.1.4}{\376\377\000S\000e\000q\000u\000e\000n\000z\000a\000\040\000g\000r\000a\000d\000i\000e\000n\000t\000-\000e\000c\000h\000o}{section.8.1}% 136
\BOOKMARK [2][-]{subsection.8.1.5}{\376\377\000G\000r\000a\000d\000i\000e\000n\000t\000-\000e\000c\000h\000o\000\040\000e\000\040\000s\000p\000i\000n\000-\000e\000c\000h\000o}{section.8.1}% 137
\BOOKMARK [0][-]{chapter.9}{\376\377\000R\000i\000c\000o\000s\000t\000r\000u\000z\000i\000o\000n\000e\000\040\000b\000i\000d\000i\000m\000e\000n\000s\000i\000o\000n\000a\000l\000e\000\040\000i\000n\000\040\000M\000R\000I}{}% 138
\BOOKMARK [1][-]{section.9.1}{\376\377\000R\000i\000c\000o\000s\000t\000r\000u\000z\000i\000o\000n\000e\000\040\000t\000r\000i\000d\000i\000m\000e\000n\000s\000i\000o\000n\000a\000l\000e\000\040\000i\000n\000\040\000R\000M\000I}{chapter.9}% 139
\BOOKMARK [2][-]{subsection.9.1.1}{\376\377\000U\000t\000i\000l\000i\000z\000z\000o\000\040\000d\000e\000i\000\040\000g\000r\000a\000d\000i\000e\000n\000t\000i\000\040\000p\000e\000r\000\040\000c\000a\000m\000p\000i\000o\000n\000a\000r\000e\000\040\000i\000l\000\040\000k\000-\000s\000p\000a\000z\000i\000o}{section.9.1}% 140
\BOOKMARK [2][-]{subsection.9.1.2}{\376\377\000I\000m\000a\000g\000i\000n\000i\000n\000g\000\040\000b\000i\000d\000i\000m\000e\000n\000s\000i\000o\000n\000a\000l\000e}{section.9.1}% 141
\BOOKMARK [2][-]{subsection.9.1.3}{\376\377\000M\000u\000l\000t\000i\000s\000l\000i\000c\000e\000\040\000s\000e\000l\000e\000c\000t\000i\000o\000n}{section.9.1}% 142
\BOOKMARK [2][-]{subsection.9.1.4}{\376\377\000S\000p\000e\000t\000t\000r\000o\000s\000c\000o\000p\000i\000a\000\040\000c\000o\000n\000\040\000r\000i\000s\000o\000n\000a\000n\000z\000a\000\040\000m\000a\000g\000n\000e\000t\000i\000c\000a}{section.9.1}% 143
\BOOKMARK [0][-]{chapter.10}{\376\377\000R\000i\000c\000o\000s\000t\000r\000u\000z\000i\000o\000n\000e\000\040\000t\000r\000i\000d\000i\000m\000e\000n\000s\000i\000o\000n\000a\000l\000e\000\040\000i\000n\000\040\000M\000R\000I}{}% 144
\BOOKMARK [1][-]{section.10.1}{\376\377\000R\000i\000c\000o\000s\000t\000r\000u\000z\000i\000o\000n\000e\000\040\000d\000e\000l\000l\000'\000i\000m\000m\000a\000g\000i\000n\000e\000\040\000b\000i\000d\000i\000m\000e\000n\000s\000i\000o\000n\000a\000l\000e}{chapter.10}% 145
\BOOKMARK [2][-]{subsection.10.1.1}{\376\377\000P\000r\000o\000b\000l\000e\000m\000a\000\040\000d\000i\000\040\000r\000i\000c\000o\000s\000t\000r\000u\000z\000i\000o\000n\000e\000\040\000l\000e\000g\000a\000t\000o\000\040\000a\000l\000l\000e\000\040\000d\000i\000s\000o\000m\000o\000g\000e\000n\000e\000i\000t\000\340\000\040\000d\000i\000\040\000c\000a\000m\000p\000o}{section.10.1}% 146
\BOOKMARK [2][-]{subsection.10.1.2}{\376\377\000G\000u\000a\000d\000a\000g\000n\000o\000\040\000d\000i\000v\000e\000r\000s\000o\000\040\000d\000e\000i\000\040\000d\000u\000e\000\040\000r\000i\000c\000e\000v\000i\000t\000o\000r\000i}{section.10.1}% 147
\BOOKMARK [2][-]{subsection.10.1.3}{\376\377\000E\000s\000a\000l\000t\000a\000z\000i\000o\000n\000e\000\040\000d\000e\000i\000\040\000b\000o\000r\000d\000i\000\040\000e\000\040\000d\000e\000i\000\040\000c\000o\000n\000t\000e\000n\000u\000t\000i\000\040\000o\000m\000o\000g\000e\000n\000e\000i}{section.10.1}% 148
\BOOKMARK [2][-]{subsection.10.1.4}{\376\377\000E\000f\000f\000e\000t\000t\000o\000\040\000d\000e\000l\000\040\000c\000a\000m\000p\000i\000o\000n\000a\000m\000e\000n\000t\000o\000\040\000e\000\040\000t\000r\000o\000n\000c\000a\000m\000e\000n\000t\000o}{section.10.1}% 149
\BOOKMARK [2][-]{subsection.10.1.5}{\376\377\000V\000a\000l\000u\000t\000a\000z\000i\000o\000n\000e\000\040\000d\000e\000l\000l\000a\000\040\000b\000a\000n\000d\000a\000\040\000d\000i\000\040\000r\000i\000c\000e\000z\000i\000o\000n\000e}{section.10.1}% 150
\BOOKMARK [2][-]{subsection.10.1.6}{\376\377\000D\000e\000s\000c\000r\000e\000t\000e\000\040\000F\000o\000u\000r\000i\000e\000r\000\040\000T\000r\000a\000n\000s\000f\000o\000r\000m}{section.10.1}% 151
\BOOKMARK [2][-]{subsection.10.1.7}{\376\377\000V\000a\000l\000u\000t\000a\000z\000i\000o\000n\000e\000\040\000d\000e\000i\000\040\000p\000a\000r\000a\000m\000e\000t\000r\000i\000\040\000f\000r\000e\000q\000u\000e\000n\000z\000i\000a\000l\000i\000\040\000t\000e\000c\000n\000i\000c\000i}{section.10.1}% 152
\BOOKMARK [2][-]{subsection.10.1.8}{\376\377\000S\000m\000o\000o\000t\000h\000i\000n\000g\000\040\000i\000n\000\040\000r\000i\000s\000o\000n\000a\000n\000z\000a\000\040\000m\000a\000g\000n\000e\000t\000i\000c\000a}{section.10.1}% 153
\BOOKMARK [2][-]{subsection.10.1.9}{\376\377\000R\000i\000s\000o\000l\000u\000z\000i\000o\000n\000e\000\040\000s\000p\000a\000z\000i\000a\000l\000e\000\040\000i\000n\000\040\000r\000i\000s\000o\000n\000a\000n\000z\000a\000\040\000m\000a\000g\000n\000e\000t\000i\000c\000a}{section.10.1}% 154
\BOOKMARK [2][-]{subsection.10.1.10}{\376\377\000F\000i\000l\000t\000r\000a\000g\000g\000i\000o\000\040\000i\000n\000t\000r\000o\000d\000o\000t\000t\000o\000\040\000d\000a\000l\000\040\000r\000i\000l\000a\000s\000s\000a\000m\000e\000n\000t\000o\000\040\000n\000e\000l\000l\000a\000\040\000g\000r\000a\000d\000i\000e\000n\000t\000\040\000e\000c\000h\000o}{section.10.1}% 155
\BOOKMARK [2][-]{subsection.10.1.11}{\376\377\000F\000i\000l\000t\000r\000a\000g\000g\000i\000o\000\040\000i\000n\000t\000r\000o\000d\000o\000t\000t\000o\000\040\000d\000a\000l\000\040\000r\000i\000l\000a\000s\000s\000a\000m\000e\000n\000t\000o\000\040\000n\000e\000l\000l\000a\000\040\000s\000p\000i\000n\000-\000e\000c\000h\000o}{section.10.1}% 156
\BOOKMARK [2][-]{subsection.10.1.12}{\376\377\000Z\000e\000r\000o\000\040\000f\000i\000l\000l\000e\000d}{section.10.1}% 157
\BOOKMARK [2][-]{subsection.10.1.13}{\376\377\000P\000a\000r\000t\000i\000a\000l\000\040\000F\000o\000u\000r\000i\000e\000r\000\040\000i\000m\000a\000g\000i\000n\000g}{section.10.1}% 158
\BOOKMARK [2][-]{subsection.10.1.14}{\376\377\000I\000m\000m\000a\000g\000i\000n\000i\000\040\000D\000I\000C\000O\000M}{section.10.1}% 159
\BOOKMARK [2][-]{subsection.10.1.15}{\376\377\000I\000s\000t\000o\000g\000r\000a\000m\000m\000a\000\040\000p\000e\000r\000\040\000l\000a\000\040\000v\000i\000s\000u\000a\000l\000i\000z\000z\000a\000z\000i\000o\000n\000e\000\040\000d\000e\000l\000l\000'\000i\000m\000m\000a\000g\000i\000n\000e}{section.10.1}% 160
\BOOKMARK [0][-]{chapter.11}{\376\377\000R\000a\000p\000p\000o\000r\000t\000o\000\040\000s\000e\000g\000n\000a\000l\000e\000/\000r\000u\000m\000o\000r\000e\000\040\000i\000n\000\040\000M\000R\000I}{}% 161
\BOOKMARK [1][-]{section.11.1}{\376\377\000S\000N\000R\000\040\000i\000n\000\040\000R\000M\000I}{chapter.11}% 162
\BOOKMARK [2][-]{subsection.11.1.1}{\376\377\000V\000a\000l\000u\000t\000a\000z\000i\000o\000n\000e\000\040\000d\000e\000l\000\040\000s\000e\000g\000n\000a\000l\000e\000\040\000d\000e\000l\000\040\000v\000o\000x\000e\000l\000\040\000i\000n\000\040\000R\000M\000I}{section.11.1}% 163
\BOOKMARK [2][-]{subsection.11.1.2}{\376\377\000V\000a\000l\000u\000t\000a\000z\000i\000o\000n\000e\000\040\000d\000e\000l\000\040\000r\000u\000m\000o\000r\000e\000\040\000d\000e\000l\000\040\000v\000o\000x\000e\000l\000\040\000i\000n\000\040\000R\000M\000I}{section.11.1}% 164
\BOOKMARK [2][-]{subsection.11.1.3}{\376\377\000V\000a\000l\000u\000t\000a\000z\000i\000o\000n\000e\000\040\000d\000e\000l\000\040\000r\000a\000p\000p\000o\000r\000t\000o\000\040\000s\000e\000g\000n\000a\000l\000e\000/\000r\000u\000m\000o\000r\000e}{section.11.1}% 165
\BOOKMARK [2][-]{subsection.11.1.4}{\376\377\000D\000i\000p\000e\000n\000d\000e\000n\000z\000a\000\040\000d\000e\000l\000\040\000S\000N\000R\000\040\000d\000a\000l\000l\000'\000a\000s\000s\000e\000\040\000d\000i\000\040\000l\000e\000t\000t\000u\000r\000a}{section.11.1}% 166
\BOOKMARK [2][-]{subsection.11.1.5}{\376\377\000D\000i\000p\000e\000n\000d\000e\000n\000z\000a\000\040\000d\000e\000l\000\040\000S\000N\000R\000\040\000d\000a\000l\000l\000'\000a\000s\000s\000e\000\040\000d\000i\000\040\000p\000h\000a\000s\000e\000\040\000e\000n\000c\000o\000d\000i\000n\000g}{section.11.1}% 167
\BOOKMARK [2][-]{subsection.11.1.6}{\376\377\000D\000i\000p\000e\000n\000d\000e\000n\000z\000a\000\040\000d\000e\000l\000\040\000S\000N\000R\000\040\000n\000e\000l\000l\000o\000\040\000s\000p\000a\000z\000i\000o}{section.11.1}% 168
\BOOKMARK [2][-]{subsection.11.1.7}{\376\377\000R\000a\000p\000p\000o\000r\000t\000o\000\040\000c\000o\000n\000t\000r\000a\000s\000t\000o\000/\000r\000u\000m\000o\000r\000e}{section.11.1}% 169
\BOOKMARK [2][-]{subsection.11.1.8}{\376\377\000D\000i\000f\000f\000e\000r\000e\000n\000z\000a\000\040\000d\000i\000\040\000c\000o\000n\000t\000r\000a\000s\000t\000o\000\040\000n\000e\000i\000\040\000v\000a\000r\000i\000\040\000t\000e\000s\000s\000u\000t\000i}{section.11.1}% 170
\BOOKMARK [2][-]{subsection.11.1.9}{\376\377\000M\000e\000z\000z\000o\000\040\000d\000i\000\040\000c\000o\000n\000t\000r\000a\000s\000t\000o\000\040\000i\000n\000\040\000r\000i\000s\000o\000n\000a\000n\000z\000a\000\040\000m\000a\000g\000n\000e\000t\000i\000c\000a}{section.11.1}% 171
\BOOKMARK [2][-]{subsection.11.1.10}{\376\377\000E\000f\000f\000e\000t\000t\000o\000\040\000d\000i\000\040\000v\000o\000l\000u\000m\000e\000\040\000p\000a\000r\000z\000i\000a\000l\000e}{section.11.1}% 172
\BOOKMARK [2][-]{subsection.11.1.11}{\376\377\000R\000e\000g\000i\000o\000n\000\040\000o\000f\000\040\000i\000n\000t\000e\000r\000e\000s\000e\000t}{section.11.1}% 173
\BOOKMARK [0][-]{chapter.12}{\376\377\000F\000a\000t\000\040\000s\000u\000p\000p\000r\000e\000s\000s\000i\000o\000n}{}% 174
\BOOKMARK [1][-]{subsection.12.0.1}{\376\377\000C\000h\000i\000m\000i\000c\000a\000l\000\040\000s\000h\000i\000f\000t\000\040\000d\000e\000l\000\040\000g\000r\000a\000s\000s\000o}{chapter.12}% 175
\BOOKMARK [2][-]{subsection.12.0.2}{\376\377\000E\000c\000c\000i\000t\000a\000z\000i\000o\000n\000e\000\040\000s\000e\000l\000e\000t\000t\000i\000v\000a}{subsection.12.0.1}% 176
\BOOKMARK [2][-]{subsection.12.0.3}{\376\377\000G\000r\000a\000d\000i\000e\000n\000t\000-\000e\000c\000h\000o\000\040\000p\000e\000r\000\040\000l\000a\000\040\000s\000o\000p\000p\000r\000e\000s\000s\000i\000o\000n\000e\000\040\000d\000e\000l\000\040\000g\000r\000a\000s\000s\000o}{subsection.12.0.1}% 177
\BOOKMARK [0][-]{chapter.13}{\376\377\000F\000a\000s\000t\000\040\000I\000m\000a\000g\000i\000n\000g}{}% 178
\BOOKMARK [1][-]{section.13.1}{\376\377\000F\000a\000s\000t\000\040\000I\000m\000a\000g\000i\000n\000g\000\040\000i\000n\000\040\000t\000h\000e\000\040\000S\000t\000e\000a\000d\000y\000\040\000S\000t\000a\000t\000e}{chapter.13}% 179
\BOOKMARK [2][-]{subsection.13.1.1}{\376\377\000V\000a\000l\000u\000t\000a\000z\000i\000o\000n\000e\000\040\000d\000e\000l\000\040\000s\000e\000g\000n\000a\000l\000e\000\040\000r\000e\000g\000i\000s\000t\000r\000a\000t\000o}{section.13.1}% 180
\BOOKMARK [2][-]{subsection.13.1.2}{\376\377\000P\000e\000s\000a\000t\000u\000r\000a\000\040\000i\000n\000\040\000T\0001\000\040\000c\000o\000n\000\040\000s\000e\000q\000u\000e\000n\000z\000a\000\040\000s\000h\000o\000r\000t\000-\000T\000R\000\040\000s\000t\000e\000a\000d\000y\000\040\000s\000t\000a\000t\000e}{section.13.1}% 181
\BOOKMARK [2][-]{subsection.13.1.3}{\376\377\000A\000n\000g\000o\000l\000o\000\040\000d\000i\000\040\000E\000r\000n\000s\000t\000\040\000p\000e\000r\000\040\000p\000i\000c\000c\000o\000l\000i\000\040\000t\000e\000m\000p\000i\000\040\000d\000i\000\040\000r\000i\000p\000e\000t\000i\000z\000i\000o\000n\000e}{section.13.1}% 182
\BOOKMARK [2][-]{subsection.13.1.4}{\376\377\000P\000e\000s\000a\000t\000u\000r\000a\000\040\000i\000n\000\040\000d\000e\000n\000s\000i\000t\000\340\000\040\000p\000r\000o\000t\000o\000n\000i\000c\000a\000\040\000c\000o\000n\000\040\000s\000e\000q\000u\000e\000n\000z\000a\000\040\000s\000h\000o\000r\000t\000-\000T\000R\000\040\000s\000t\000e\000a\000d\000y\000\040\000s\000t\000a\000t\000e}{section.13.1}% 183
\BOOKMARK [2][-]{subsection.13.1.5}{\376\377\000T\000e\000m\000p\000o\000\040\000n\000e\000c\000e\000s\000s\000a\000r\000i\000o\000\040\000p\000e\000r\000\040\000r\000a\000g\000g\000i\000u\000n\000g\000e\000r\000e\000\040\000l\000o\000\040\000s\000t\000e\000a\000d\000y\000\040\000s\000t\000a\000t\000e}{section.13.1}% 184
\BOOKMARK [2][-]{subsection.13.1.6}{\376\377\000V\000a\000n\000t\000a\000g\000g\000i\000\040\000e\000\040\000s\000v\000a\000n\000t\000a\000g\000g\000i\000\040\000d\000e\000l\000l\000a\000\040\000s\000e\000q\000u\000e\000n\000z\000a\000\040\000s\000h\000o\000r\000t\000-\000T\000R\000\040\000s\000t\000e\000a\000d\000y\000\040\000s\000t\000a\000t\000e}{section.13.1}% 185
\BOOKMARK [2][-]{subsection.13.1.7}{\376\377\000A\000p\000p\000l\000i\000c\000a\000z\000i\000o\000n\000e\000\040\000d\000e\000l\000l\000a\000\040\000s\000h\000o\000r\000t\000-\000T\000R\000\040\000i\000n\000c\000o\000h\000e\000r\000e\000n\000t\000\040\000g\000r\000a\000d\000i\000e\000n\000t\000-\000e\000c\000h\000o}{section.13.1}% 186
\BOOKMARK [2][-]{subsection.13.1.8}{\376\377\000S\000t\000i\000m\000a\000\040\000d\000e\000l\000\040\000t\000e\000m\000p\000o\000\040\000T\0001\000\040\000m\000e\000d\000i\000a\000n\000t\000e\000\040\000v\000a\000r\000i\000a\000z\000i\000o\000n\000i\000\040\000d\000e\000l\000\040\000f\000l\000i\000p\000\040\000a\000n\000g\000l\000e}{section.13.1}% 187
\BOOKMARK [2][-]{subsection.13.1.9}{\376\377\000R\000i\000s\000o\000l\000u\000z\000i\000o\000n\000e\000\040\000a\000n\000a\000l\000i\000t\000i\000c\000a\000\040\000d\000e\000l\000\040\000p\000r\000o\000b\000l\000e\000m\000a\000\040\000N\000L\000S}{section.13.1}% 188
\BOOKMARK [2][-]{subsection.13.1.10}{\376\377\000D\000y\000n\000a\000m\000i\000c\000\040\000C\000o\000n\000t\000r\000a\000s\000t\000-\000E\000n\000h\000a\000n\000c\000e\000d\000\040\000\050\000D\000C\000E\000\051\000\040\000M\000a\000g\000n\000e\000t\000i\000c\000\040\000R\000e\000s\000o\000n\000a\000n\000c\000e\000\040\000I\000m\000a\000g\000i\000n\000g\000\040\000\050\000M\000R\000I\000\051}{section.13.1}% 189
\BOOKMARK [2][-]{subsection.13.1.11}{\376\377\000E\000c\000h\000o\000\040\000P\000l\000a\000n\000a\000r\000\040\000i\000m\000a\000g\000i\000n\000g}{section.13.1}% 190
\BOOKMARK [0][-]{chapter.14}{\376\377\000I\000m\000m\000a\000g\000i\000n\000i\000\040\000f\000u\000n\000z\000i\000o\000n\000a\000l\000i}{}% 191
\BOOKMARK [1][-]{section.14.1}{\376\377\000T\000e\000c\000n\000i\000c\000h\000e\000\040\000d\000i\000\040\000i\000m\000a\000g\000i\000n\000g\000\040\000s\000t\000r\000u\000t\000t\000u\000r\000a\000l\000e\000\040\000e\000\040\000f\000u\000n\000z\000i\000o\000n\000a\000l\000e}{chapter.14}% 192
\BOOKMARK [2][-]{subsection.14.1.1}{\376\377\000M\000a\000g\000n\000e\000t\000i\000c\000\040\000r\000e\000s\000o\000n\000a\000n\000c\000e\000\040\000s\000p\000e\000c\000t\000r\000o\000s\000c\000o\000p\000i\000c\000\040\000i\000m\000a\000g\000i\000n\000g}{section.14.1}% 193
\BOOKMARK [2][-]{subsection.14.1.2}{\376\377\000A\000p\000p\000l\000i\000c\000a\000z\000i\000o\000n\000e\000\040\000d\000e\000l\000l\000a\000\040\000E\000P\000I\000\040\000i\000n\000\040\000r\000i\000s\000o\000n\000a\000n\000z\000a\000\040\000m\000a\000g\000n\000e\000t\000i\000c\000a\000\040\000f\000u\000n\000z\000i\000o\000n\000a\000l\000e}{section.14.1}% 194
\BOOKMARK [2][-]{subsection.14.1.3}{\376\377\000D\000i\000f\000f\000u\000s\000i\000o\000n\000\040\000w\000e\000i\000g\000h\000t\000e\000d\000\040\000i\000m\000a\000g\000i\000n\000g}{section.14.1}% 195
\BOOKMARK [0][-]{chapter.15}{\376\377\000H\000a\000r\000d\000w\000a\000r\000e\000\040\000d\000e\000l\000l\000a\000\040\000r\000i\000s\000o\000n\000a\000n\000z\000a\000\040\000m\000a\000g\000n\000e\000t\000i\000c\000a}{}% 196
\BOOKMARK [1][-]{subsection.15.0.1}{\376\377\000S\000t\000r\000u\000t\000t\000u\000r\000a\000\040\000c\000o\000m\000p\000l\000e\000s\000s\000i\000v\000a\000\040\000d\000e\000l\000l\000a\000\040\000r\000i\000s\000o\000n\000a\000n\000z\000a\000\040\000m\000a\000g\000n\000e\000t\000i\000c\000a}{chapter.15}% 197
\BOOKMARK [2][-]{subsection.15.0.2}{\376\377\000A\000v\000v\000o\000l\000g\000i\000m\000e\000n\000t\000o\000\040\000p\000r\000i\000m\000a\000r\000i\000o}{subsection.15.0.1}% 198
\BOOKMARK [2][-]{subsection.15.0.3}{\376\377\000S\000i\000s\000t\000e\000m\000i\000\040\000d\000i\000\040\000t\000r\000a\000s\000m\000i\000s\000s\000i\000o\000n\000e\000\040\000a\000\040\000r\000a\000d\000i\000o\000f\000r\000e\000q\000u\000e\000n\000z\000a}{subsection.15.0.1}% 199
\BOOKMARK [2][-]{subsection.15.0.4}{\376\377\000E\000f\000f\000e\000t\000t\000i\000\040\000d\000e\000l\000\040\000c\000a\000m\000p\000o\000\040\000a\000\040\000r\000a\000d\000i\000o\000f\000r\000e\000q\000u\000e\000n\000z\000a}{subsection.15.0.1}% 200
\BOOKMARK [2][-]{subsection.15.0.5}{\376\377\000S\000i\000s\000t\000e\000m\000a\000\040\000d\000i\000\040\000r\000i\000c\000e\000z\000i\000o\000n\000e\000\040\000a\000n\000a\000l\000o\000g\000i\000c\000o}{subsection.15.0.1}% 201
\BOOKMARK [2][-]{subsection.15.0.6}{\376\377\000C\000o\000n\000v\000e\000r\000t\000i\000t\000o\000r\000i\000\040\000a\000n\000a\000l\000o\000g\000i\000c\000o\000/\000d\000i\000g\000i\000t\000a\000l\000e}{subsection.15.0.1}% 202
\BOOKMARK [0][-]{chapter.16}{\376\377\000P\000r\000i\000n\000c\000i\000p\000i\000\040\000f\000i\000s\000i\000c\000i\000\040\000d\000e\000l\000l\000a\000\040\000P\000E\000T}{}% 203
\BOOKMARK [1][-]{subsection.16.0.1}{\376\377\000S\000t\000r\000u\000t\000t\000u\000r\000a\000\040\000a\000t\000o\000m\000i\000c\000a}{chapter.16}% 204
\BOOKMARK [2][-]{subsection.16.0.2}{\376\377\000T\000i\000p\000i\000\040\000d\000i\000\040\000d\000e\000c\000a\000d\000i\000m\000e\000n\000t\000o}{subsection.16.0.1}% 205
\BOOKMARK [2][-]{subsection.16.0.3}{\376\377\000T\000e\000m\000p\000o\000\040\000d\000i\000\040\000d\000i\000m\000e\000z\000z\000a\000m\000e\000n\000t\000o}{subsection.16.0.1}% 206
\BOOKMARK [2][-]{subsection.16.0.4}{\376\377\000I\000n\000t\000e\000r\000a\000z\000i\000o\000n\000e\000\040\000p\000a\000r\000t\000i\000c\000e\000l\000l\000e\040\023\000m\000a\000t\000e\000r\000i\000a}{subsection.16.0.1}% 207
\BOOKMARK [2][-]{subsection.16.0.5}{\376\377\000P\000r\000i\000n\000c\000i\000p\000i\000o\000\040\000d\000i\000\040\000f\000u\000n\000z\000i\000o\000n\000a\000m\000e\000n\000t\000o\000\040\000d\000e\000l\000l\000a\000\040\000P\000E\000T}{subsection.16.0.1}% 208
\BOOKMARK [2][-]{subsection.16.0.6}{\376\377\000I\000n\000t\000e\000r\000a\000z\000i\000o\000n\000e\000\040\000f\000o\000t\000o\000n\000i\040\023\000m\000a\000t\000e\000r\000i\000a}{subsection.16.0.1}% 209
\BOOKMARK [2][-]{subsection.16.0.7}{\376\377\000A\000t\000t\000e\000n\000u\000a\000z\000i\000o\000n\000e\000\040\000d\000e\000l\000l\000a\000\040\000r\000a\000d\000i\000a\000z\000i\000o\000n\000e}{subsection.16.0.1}% 210
\BOOKMARK [0][-]{chapter.17}{\376\377\000P\000r\000i\000n\000c\000i\000p\000i\000o\000\040\000f\000i\000s\000i\000c\000o\000\040\000d\000e\000i\000\040\000d\000e\000t\000e\000t\000t\000o\000r\000i}{}% 211
\BOOKMARK [1][-]{section.17.1}{\376\377\000D\000e\000t\000e\000t\000t\000o\000r\000i}{chapter.17}% 212
\BOOKMARK [2][-]{subsection.17.1.1}{\376\377\000C\000a\000r\000a\000t\000t\000e\000r\000i\000s\000t\000i\000c\000h\000e\000\040\000d\000e\000l\000\040\000d\000e\000t\000e\000t\000t\000o\000r\000e}{section.17.1}% 213
\BOOKMARK [2][-]{subsection.17.1.2}{\376\377\000D\000e\000t\000e\000t\000t\000o\000r\000i\000\040\000a\000\040\000s\000c\000i\000n\000t\000i\000l\000l\000a\000z\000i\000o\000n\000e}{section.17.1}% 214
\BOOKMARK [2][-]{subsection.17.1.3}{\376\377\000A\000r\000r\000a\000n\000g\000i\000a\000m\000e\000n\000t\000o\000\040\000d\000e\000l\000\040\000b\000l\000o\000c\000c\000o\000\040\000d\000e\000t\000e\000t\000t\000o\000r\000e}{section.17.1}% 215
\BOOKMARK [0][-]{chapter.18}{\376\377\000P\000r\000i\000n\000c\000i\000p\000i\000o\000\040\000f\000i\000s\000i\000c\000o\000\040\000d\000e\000l\000\040\000t\000u\000b\000o\000\040\000f\000o\000t\000o\000m\000o\000l\000t\000i\000p\000l\000i\000c\000a\000t\000o\000r\000e}{}% 216
\BOOKMARK [1][-]{section.18.1}{\376\377\000T\000u\000b\000o\000\040\000f\000o\000t\000o\000m\000o\000l\000t\000i\000p\000l\000i\000c\000a\000t\000o\000r\000e\000\040\000\050\000P\000M\000T\000\051}{chapter.18}% 217
\BOOKMARK [2][-]{subsection.18.1.1}{\376\377\000F\000o\000t\000o\000c\000a\000t\000o\000d\000o}{section.18.1}% 218
\BOOKMARK [2][-]{subsection.18.1.2}{\376\377\000D\000a\000r\000k\000\040\000C\000u\000r\000r\000e\000n\000t}{section.18.1}% 219
\BOOKMARK [2][-]{subsection.18.1.3}{\376\377\000E\000m\000i\000s\000s\000i\000o\000n\000e\000\040\000s\000e\000c\000o\000n\000d\000a\000r\000i\000a}{section.18.1}% 220
\BOOKMARK [2][-]{subsection.18.1.4}{\376\377\000O\000t\000t\000i\000c\000a\000\040\000e\000l\000e\000t\000t\000r\000o\000n\000i\000c\000a}{section.18.1}% 221
\BOOKMARK [2][-]{subsection.18.1.5}{\376\377\000A\000l\000i\000m\000e\000n\000t\000a\000z\000i\000o\000n\000e\000\040\000d\000e\000l\000\040\000P\000M\000T}{section.18.1}% 222
\BOOKMARK [2][-]{subsection.18.1.6}{\376\377\000F\000o\000r\000m\000a\000\040\000d\000e\000l\000l\000'\000i\000m\000p\000u\000l\000s\000o}{section.18.1}% 223
\BOOKMARK [0][-]{chapter.19}{\376\377\000C\000i\000r\000c\000u\000i\000t\000i\000\040\000d\000i\000\040\000e\000l\000a\000b\000o\000r\000a\000z\000i\000o\000n\000e\000\040\000i\000n\000\040\000P\000E\000T}{}% 224
\BOOKMARK [1][-]{section.19.1}{\376\377\000C\000i\000r\000c\000u\000i\000t\000i\000\040\000e\000l\000e\000t\000t\000r\000o\000n\000i\000c\000i\000\040\000p\000e\000r\000\040\000l\000a\000\040\000P\000E\000T}{chapter.19}% 225
\BOOKMARK [2][-]{subsection.19.1.1}{\376\377\000T\000i\000p\000i\000\040\000d\000i\000\040\000i\000m\000p\000u\000l\000s\000i}{section.19.1}% 226
\BOOKMARK [2][-]{subsection.19.1.2}{\376\377\000P\000r\000e\000a\000m\000p\000l\000i\000f\000i\000c\000a\000t\000o\000r\000e}{section.19.1}% 227
\BOOKMARK [2][-]{subsection.19.1.3}{\376\377\000M\000a\000i\000n\000\040\000A\000m\000p\000l\000i\000f\000i\000e\000r}{section.19.1}% 228
\BOOKMARK [2][-]{subsection.19.1.4}{\376\377\000P\000u\000l\000s\000e\000\040\000S\000h\000a\000p\000i\000n\000g\000\040\000c\000o\000n\000\040\000S\000i\000n\000g\000l\000e\000\040\000D\000e\000l\000a\000y\000\040\000L\000i\000n\000e}{section.19.1}% 229
\BOOKMARK [2][-]{subsection.19.1.5}{\376\377\000D\000o\000u\000b\000l\000e\000\040\000D\000e\000l\000a\000y\000\040\000L\000i\000n\000e}{section.19.1}% 230
\BOOKMARK [2][-]{subsection.19.1.6}{\376\377\000D\000i\000s\000c\000r\000i\000m\000i\000n\000a\000t\000o\000r\000e\000\040\000d\000i\000f\000f\000e\000r\000e\000n\000z\000i\000a\000l\000e}{section.19.1}% 231
\BOOKMARK [2][-]{subsection.19.1.7}{\376\377\000C\000o\000n\000v\000e\000r\000s\000i\000o\000n\000e\000\040\000d\000i\000g\000i\000t\000a\000l\000e}{section.19.1}% 232
\BOOKMARK [2][-]{subsection.19.1.8}{\376\377\000T\000i\000m\000e\000\040\000P\000i\000c\000k\000-\000O\000f\000f}{section.19.1}% 233
\BOOKMARK [2][-]{subsection.19.1.9}{\376\377\000C\000o\000i\000n\000c\000i\000d\000e\000n\000z\000a}{section.19.1}% 234
\BOOKMARK [0][-]{chapter.20}{\376\377\000E\000l\000a\000b\000o\000r\000a\000z\000i\000o\000n\000e\000\040\000d\000e\000i\000\040\000d\000a\000t\000i\000\040\000a\000c\000q\000u\000i\000s\000i\000t\000i\000\040\000i\000n\000\040\000P\000E\000T}{}% 235
\BOOKMARK [1][-]{section.20.1}{\376\377\000A\000c\000q\000u\000i\000s\000i\000z\000i\000o\000n\000e\000\040\000d\000e\000i\000\040\000d\000a\000t\000i}{chapter.20}% 236
\BOOKMARK [2][-]{subsection.20.1.1}{\376\377\000C\000o\000l\000l\000i\000m\000a\000z\000i\000o\000n\000e\000\040\000e\000l\000e\000t\000t\000r\000o\000n\000i\000c\000a\000:\000\040\000s\000i\000n\000o\000g\000r\000a\000m\000m\000a}{section.20.1}% 237
\BOOKMARK [2][-]{subsection.20.1.2}{\376\377\000P\000i\000a\000n\000i\000\040\000d\000i\000\040\000d\000e\000t\000e\000z\000i\000o\000n\000e}{section.20.1}% 238
\BOOKMARK [2][-]{subsection.20.1.3}{\376\377\000S\000e\000n\000s\000i\000b\000i\000l\000i\000t\000\340}{section.20.1}% 239
\BOOKMARK [2][-]{subsection.20.1.4}{\376\377\000C\000o\000n\000s\000i\000d\000e\000r\000a\000z\000i\000o\000n\000i\000\040\000s\000u\000\040\000F\000O\000V\000\040\000e\000\040\000m\000i\000c\000h\000e\000l\000o\000g\000r\000a\000m\000m\000a}{section.20.1}% 240
\BOOKMARK [2][-]{subsection.20.1.5}{\376\377\000M\000a\000l\000f\000u\000n\000z\000i\000o\000n\000a\000m\000e\000n\000t\000o\000\040\000d\000e\000g\000l\000i\000\040\000a\000n\000e\000l\000l\000i\000\040\000d\000e\000t\000e\000t\000t\000o\000r\000i}{section.20.1}% 241
\BOOKMARK [0][-]{chapter.21}{\376\377\000R\000i\000c\000o\000s\000t\000r\000u\000z\000i\000o\000n\000i\000\040\000d\000e\000l\000l\000e\000\040\000i\000m\000m\000a\000g\000i\000n\000i\000\040\000P\000E\000T}{}% 242
\BOOKMARK [1][-]{section.21.1}{\376\377\000R\000i\000c\000o\000s\000t\000r\000u\000z\000i\000o\000n\000e\000\040\000d\000e\000l\000l\000e\000\040\000i\000m\000m\000a\000g\000i\000n\000i\000\040\000P\000E\000T}{chapter.21}% 243
\BOOKMARK [2][-]{subsection.21.1.1}{\376\377\000A\000s\000s\000o\000r\000b\000i\000m\000e\000n\000t\000o\000\040\000d\000e\000i\000\040\000f\000o\000t\000o\000n\000i}{section.21.1}% 244
\BOOKMARK [2][-]{subsection.21.1.2}{\376\377\000F\000i\000l\000t\000e\000r\000e\000d\000\040\000B\000a\000c\000k\000\040\000P\000r\000o\000j\000e\000c\000t\000i\000o\000n\000\040\000o\000\040\000F\000B\000P}{section.21.1}% 245
\BOOKMARK [2][-]{subsection.21.1.3}{\376\377\000M\000e\000t\000o\000d\000i\000\040\000i\000t\000e\000r\000a\000t\000i\000v\000i}{section.21.1}% 246
\BOOKMARK [2][-]{subsection.21.1.4}{\376\377\000E\000f\000f\000e\000t\000t\000o\000\040\000d\000i\000\040\000v\000o\000l\000u\000m\000e\000\040\000p\000a\000r\000z\000i\000a\000l\000e}{section.21.1}% 247
\BOOKMARK [2][-]{subsection.21.1.5}{\376\377\000P\000r\000o\000t\000o\000c\000o\000l\000l\000o\000\040\000d\000i\000\040\000r\000i\000c\000o\000s\000t\000r\000u\000z\000i\000o\000n\000e\000\040\000P\000E\000T\000/\000C\000T}{section.21.1}% 248
\BOOKMARK [2][-]{subsection.21.1.6}{\376\377\000A\000r\000t\000e\000f\000a\000t\000t\000i\000\040\000n\000e\000l\000l\000e\000\040\000i\000m\000m\000a\000g\000i\000n\000i\000\040\000P\000E\000T}{section.21.1}% 249
\BOOKMARK [0][-]{chapter.22}{\376\377\000P\000r\000e\000s\000t\000a\000z\000i\000o\000n\000i\000\040\000d\000i\000\040\000u\000n\000o\000\040\000s\000c\000a\000n\000n\000e\000r\000\040\000P\000E\000T}{}% 250
\BOOKMARK [1][-]{section.22.1}{\376\377\000P\000r\000e\000s\000t\000a\000z\000i\000o\000n\000i\000\040\000d\000i\000\040\000u\000n\000o\000\040\000s\000c\000a\000n\000n\000e\000r\000\040\000P\000E\000T}{chapter.22}% 251
\BOOKMARK [2][-]{subsection.22.1.1}{\376\377\000R\000i\000s\000o\000l\000u\000z\000i\000o\000n\000e\000\040\000s\000p\000a\000z\000i\000a\000l\000e}{section.22.1}% 252
\BOOKMARK [2][-]{subsection.22.1.2}{\376\377\000S\000e\000n\000s\000i\000t\000i\000v\000i\000t\000y}{section.22.1}% 253
\BOOKMARK [2][-]{subsection.22.1.3}{\376\377\000N\000o\000i\000s\000e}{section.22.1}% 254
\BOOKMARK [2][-]{subsection.22.1.4}{\376\377\000C\000o\000n\000t\000r\000a\000s\000t\000o}{section.22.1}% 255
\BOOKMARK [2][-]{subsection.22.1.5}{\376\377\000C\000o\000n\000t\000r\000o\000l\000l\000i\000\040\000d\000i\000\040\000q\000u\000a\000l\000i\000t\000\340}{section.22.1}% 256
\BOOKMARK [2][-]{subsection.22.1.6}{\376\377\000T\000e\000s\000t\000\040\000A\000C\000R\000\040\000\050\000A\000m\000e\000r\000i\000c\000a\000n\000\040\000C\000o\000l\000l\000e\000g\000e\000\040\000o\000f\000\040\000R\000a\000d\000i\000o\000l\000o\000g\000y\000\051}{section.22.1}% 257
\BOOKMARK [2][-]{subsection.22.1.7}{\376\377\000P\000E\000T\000/\000M\000R\000I}{section.22.1}% 258
\BOOKMARK [2][-]{subsection.22.1.8}{\376\377\000P\000E\000T\000\040\000T\000i\000m\000e\000\040\000O\000f\000\040\000F\000l\000i\000g\000h\000t}{section.22.1}% 259
\BOOKMARK [2][-]{subsection.22.1.9}{\376\377\000A\000s\000s\000o\000r\000b\000i\000m\000e\000n\000t\000o\000\040\000d\000i\000\040\000f\000l\000u\000o\000r\000o\000d\000e\000s\000o\000s\000s\000i\000g\000l\000u\000c\000o\000s\000i\000o}{section.22.1}% 260
\BOOKMARK [0][-]{chapter.23}{\376\377\000T\000e\000c\000n\000o\000l\000o\000g\000i\000a\000\040\000d\000u\000a\000l\000-\000e\000n\000e\000r\000g\000y\000\040\000X\000-\000r\000a\000y}{}% 261
\BOOKMARK [1][-]{section.23.1}{\376\377\000D\000u\000a\000l\000\040\000E\000n\000e\000r\000g\000y\000\040\000X\000-\000R\000a\000y}{chapter.23}% 262
\BOOKMARK [2][-]{subsection.23.1.1}{\376\377\000R\000a\000p\000p\000r\000e\000s\000e\000n\000t\000a\000z\000i\000o\000n\000e\000\040\000d\000e\000i\000\040\000c\000o\000e\000f\000f\000i\000c\000i\000e\000n\000t\000i\000\040\000d\000i\000\040\000a\000t\000t\000e\000n\000u\000a\000z\000i\000o\000n\000e}{section.23.1}% 263
\BOOKMARK [2][-]{subsection.23.1.2}{\376\377\000D\000u\000a\000l\000\040\000E\000n\000e\000r\000g\000y\000\040\000C\000o\000n\000t\000r\000a\000s\000t\000-\000E\000n\000h\000a\000n\000c\000e\000d\000\040\000D\000i\000g\000i\000t\000a\000l\000\040\000M\000a\000m\000m\000o\000g\000r\000a\000p\000h\000y\000\040\000\050\000D\000E\000-\000C\000E\000D\000M\000\051}{section.23.1}% 264
\BOOKMARK [2][-]{subsection.23.1.3}{\376\377\000A\000t\000t\000e\000n\000u\000a\000z\000i\000o\000n\000e\000\040\000l\000i\000n\000e\000a\000r\000e}{section.23.1}% 265
\BOOKMARK [2][-]{subsection.23.1.4}{\376\377\000E\000s\000e\000m\000p\000i\000\040\000d\000i\000\040\000a\000p\000p\000l\000i\000c\000a\000z\000i\000o\000n\000e\000\040\000d\000i\000\040\000a\000t\000t\000e\000n\000u\000a\000z\000i\000o\000n\000e\000\040\000i\000n\000\040\000D\000u\000a\000l\000\040\000E\000n\000e\000r\000g\000y}{section.23.1}% 266
\BOOKMARK [2][-]{subsection.23.1.5}{\376\377\000B\000a\000s\000i\000s\000\040\000M\000a\000t\000e\000r\000i\000a\000l\000\040\000D\000e\000c\000o\000m\000p\000o\000s\000i\000t\000i\000o\000n}{section.23.1}% 267
\BOOKMARK [1][-]{section.23.2}{\376\377\000T\000i\000p\000o\000l\000o\000g\000i\000e\000\040\000d\000i\000\040\000t\000u\000b\000i\000\040\000r\000a\000d\000i\000o\000g\000e\000n\000i}{chapter.23}% 268
\BOOKMARK [0][-]{chapter.24}{\376\377\000T\000e\000c\000n\000i\000c\000h\000e\000\040\000d\000i\000\040\000v\000i\000s\000u\000a\000l\000i\000z\000z\000a\000z\000i\000o\000n\000e\000\040\000d\000e\000l\000l\000e\000\040\000i\000m\000m\000a\000g\000i\000n\000i}{}% 269
\BOOKMARK [1][-]{subsection.24.0.1}{\376\377\000R\000a\000p\000p\000r\000e\000s\000e\000n\000t\000a\000z\000i\000o\000n\000e\000\040\000m\000u\000l\000t\000i\000p\000l\000a\000n\000a\000r\000e}{chapter.24}% 270
\BOOKMARK [2][-]{subsection.24.0.2}{\376\377\000M\000a\000x\000i\000m\000u\000m\000\040\000I\000n\000t\000e\000n\000s\000i\000t\000y\000\040\000P\000r\000o\000j\000e\000c\000t\000i\000o\000n}{subsection.24.0.1}% 271
\BOOKMARK [2][-]{subsection.24.0.3}{\376\377\000T\000e\000c\000n\000i\000c\000h\000e\000\040\000d\000i\000\040\000v\000i\000s\000u\000a\000l\000i\000z\000z\000a\000z\000i\000o\000n\000i\000\040\000q\000u\000a\000d\000r\000i\000d\000i\000m\000e\000n\000s\000i\000o\000n\000a\000l\000i}{subsection.24.0.1}% 272
\BOOKMARK [0][-]{chapter*.463}{\376\377\000B\000i\000b\000l\000i\000o\000g\000r\000a\000f\000i\000a}{}% 273
